Command line:
   read_pointer_isim_beh.exe
     -simmode  gui
     -simrunnum  0
     -socket  63107

Thu Sep 05 19:28:54 2024


 Elaboration Time: 0.015625 sec

 Current Memory Usage: 5150.61 Meg

 Total Signals          : 18
 Total Nets             : 23
 Total Signal Drivers   : 7
 Total Blocks           : 2
 Total Primitive Blocks : 2
 Total Processes        : 9
 Total Traceable Variables  : 19
 Total Scalar Nets and Variables : 108
Total Line Count : 21

 Total Simulation Time: 0.03125 sec

 Current Memory Usage: 5465.18 Meg

Thu Sep 05 19:29:39 2024

